<?xml version="1.0" encoding="UTF-8"?>
<!-- Generated by org.testng.reporters.JUnitReportReporter -->
<testsuite ignored="5" hostname="IBM-D31SMM3" failures="0" tests="1" name="Project.Rest_assure.swaggerrestassure$create_user" time="2.361" errors="0" timestamp="04 Jun 2022 12:04:22 GMT" skipped="0">
  <testcase classname="Project.Rest_assure.swaggerrestassure$create_user" name="login_method" time="2.361"/>
  <testcase classname="Project.Rest_assure.swaggerrestassure$create_user" name="delete_method">
    <skipped/>
  </testcase> <!-- delete_method -->
  <testcase classname="Project.Rest_assure.swaggerrestassure$create_user" name="put_method">
    <skipped/>
  </testcase> <!-- put_method -->
  <testcase classname="Project.Rest_assure.swaggerrestassure$create_user" name="logout_method">
    <skipped/>
  </testcase> <!-- logout_method -->
  <testcase classname="Project.Rest_assure.swaggerrestassure$create_user" name="post_method">
    <skipped/>
  </testcase> <!-- post_method -->
  <testcase classname="Project.Rest_assure.swaggerrestassure$create_user" name="get_method">
    <skipped/>
  </testcase> <!-- get_method -->
</testsuite> <!-- Project.Rest_assure.swaggerrestassure$create_user -->
